<?xml version="1.0" encoding="UTF-8"?>
<!-- Generated by org.testng.reporters.JUnitXMLReporter -->
<testsuite hostname="DESKTOP-0QDP3G5" ignored="0" name="Test1" tests="4" failures="0" timestamp="05 Nov 2020 16:41:29 GMT" time="168.234" errors="0">
  <testcase name="invokebrowser" time="6.739" classname="BaseClass.BaseClass"/>
  <testcase name="scenario1" time="52.011" classname="TestCases.Objects"/>
  <testcase name="scenario2" time="98.788" classname="TestCases.Objects"/>
  <testcase name="scenario3" time="10.674" classname="TestCases.Objects"/>
</testsuite> <!-- Test1 -->
