<?xml version="1.0" encoding="UTF-8"?>
<!-- Generated by org.testng.reporters.JUnitXMLReporter -->
<testsuite hostname="ACER" ignored="0" name="Test" tests="2" failures="2" timestamp="24 Oct 2020 10:24:33 GMT" time="0.26" errors="0">
  <testcase name="invokebrowser" time="0.017" classname="BaseClass.BaseClass">
    <failure type="java.lang.NullPointerException">
      <![CDATA[java.lang.NullPointerException
at BaseClass.BaseClass.invokebrowser(BaseClass.java:49)
... Removed 25 stack frames]]>
    </failure>
  </testcase> <!-- invokebrowser -->
  <testcase name="test" time="0.039" classname="TestCases.Objects">
    <failure type="java.lang.NullPointerException">
      <![CDATA[java.lang.NullPointerException
at BaseClass.BaseClass.openUrl(BaseClass.java:81)
at TestCases.Objects.test(Objects.java:34)
... Removed 25 stack frames]]>
    </failure>
  </testcase> <!-- test -->
</testsuite> <!-- Test -->
