<?xml version="1.0" encoding="UTF-8"?>
<testng-results skipped="0" failed="0" ignored="0" total="4" passed="4">
  <reporter-output>
  </reporter-output>
  <suite name="Suite" duration-ms="168234" started-at="2020-11-05T16:38:41Z" finished-at="2020-11-05T16:41:29Z">
    <groups>
    </groups>
    <test name="Test1" duration-ms="168234" started-at="2020-11-05T16:38:41Z" finished-at="2020-11-05T16:41:29Z">
      <class name="TestCases.Objects">
        <test-method status="PASS" signature="invokebrowser(java.lang.String)[pri:0, instance:TestCases.Objects@7e0e6aa2]" name="invokebrowser" duration-ms="6739" started-at="2020-11-05T16:38:41Z" finished-at="2020-11-05T16:38:47Z">
          <params>
            <param index="0">
              <value>
                <![CDATA[chrome]]>
              </value>
            </param>
          </params>
          <reporter-output>
          </reporter-output>
        </test-method> <!-- invokebrowser -->
        <test-method status="PASS" signature="scenario1()[pri:1, instance:TestCases.Objects@7e0e6aa2]" name="scenario1" duration-ms="52011" started-at="2020-11-05T16:38:47Z" finished-at="2020-11-05T16:39:39Z">
          <reporter-output>
          </reporter-output>
        </test-method> <!-- scenario1 -->
        <test-method status="PASS" signature="scenario2()[pri:2, instance:TestCases.Objects@7e0e6aa2]" name="scenario2" duration-ms="98788" started-at="2020-11-05T16:39:39Z" finished-at="2020-11-05T16:41:18Z">
          <reporter-output>
          </reporter-output>
        </test-method> <!-- scenario2 -->
        <test-method status="PASS" signature="scenario3()[pri:3, instance:TestCases.Objects@7e0e6aa2]" name="scenario3" duration-ms="10674" started-at="2020-11-05T16:41:18Z" finished-at="2020-11-05T16:41:29Z">
          <reporter-output>
          </reporter-output>
        </test-method> <!-- scenario3 -->
        <test-method status="PASS" signature="close()[pri:0, instance:TestCases.Objects@7e0e6aa2]" name="close" is-config="true" duration-ms="4486" started-at="2020-11-05T16:41:29Z" finished-at="2020-11-05T16:41:33Z">
          <reporter-output>
          </reporter-output>
        </test-method> <!-- close -->
      </class> <!-- TestCases.Objects -->
    </test> <!-- Test1 -->
  </suite> <!-- Suite -->
</testng-results>
